[debug] [2023-01-18T06:26:17.664Z] ----------------------------------------------------------------------
[debug] [2023-01-18T06:26:17.666Z] Command:       c:\program files\nodejs\node.exe C:\Users\kanee\AppData\Roaming\npm\node_modules\firebase-tools\lib\bin\firebase.js login
[debug] [2023-01-18T06:26:17.666Z] CLI Version:   11.20.0
[debug] [2023-01-18T06:26:17.666Z] Platform:      win32
[debug] [2023-01-18T06:26:17.666Z] Node Version:  v18.12.1
[debug] [2023-01-18T06:26:17.667Z] Time:          Wed Jan 18 2023 11:56:17 GMT+0530 (India Standard Time)
[debug] [2023-01-18T06:26:17.667Z] ----------------------------------------------------------------------
[debug] 
[debug] [2023-01-18T06:26:17.670Z] >>> [apiv2][query] GET https://firebase-public.firebaseio.com/cli.json [none]
[info] i  Firebase optionally collects CLI and Emulator Suite usage and error reporting information to help improve our products. Data is collected in accordance with Google's privacy policy (https://policies.google.com/privacy) and is not used to identify you.
 
[debug] [2023-01-18T06:26:18.383Z] <<< [apiv2][status] GET https://firebase-public.firebaseio.com/cli.json 200
[debug] [2023-01-18T06:26:18.383Z] <<< [apiv2][body] GET https://firebase-public.firebaseio.com/cli.json {"cloudBuildErrorAfter":1594252800000,"cloudBuildWarnAfter":1590019200000,"defaultNode10After":1594252800000,"minVersion":"3.0.5","node8DeploysDisabledAfter":1613390400000,"node8RuntimeDisabledAfter":1615809600000,"node8WarnAfter":1600128000000}
[info] i  To change your data collection preference at any time, run `firebase logout` and log in again. 
[info] 
[info] Visit this URL on this device to log in:
[info] https://accounts.google.com/o/oauth2/auth?client_id=563584335869-fgrhgmd47bqnekij5i8b5pr03ho849e6.apps.googleusercontent.com&scope=email%20openid%20https%3A%2F%2Fwww.googleapis.com%2Fauth%2Fcloudplatformprojects.readonly%20https%3A%2F%2Fwww.googleapis.com%2Fauth%2Ffirebase%20https%3A%2F%2Fwww.googleapis.com%2Fauth%2Fcloud-platform&response_type=code&state=383474475&redirect_uri=http%3A%2F%2Flocalhost%3A9005
[info] 
[info] Waiting for authentication...
[debug] [2023-01-18T06:27:02.619Z] ----------------------------------------------------------------------
[debug] [2023-01-18T06:27:02.621Z] Command:       c:\program files\nodejs\node.exe C:\Users\kanee\AppData\Roaming\npm\node_modules\firebase-tools\lib\bin\firebase.js login
[debug] [2023-01-18T06:27:02.621Z] CLI Version:   11.20.0
[debug] [2023-01-18T06:27:02.621Z] Platform:      win32
[debug] [2023-01-18T06:27:02.622Z] Node Version:  v18.12.1
[debug] [2023-01-18T06:27:02.622Z] Time:          Wed Jan 18 2023 11:57:02 GMT+0530 (India Standard Time)
[debug] [2023-01-18T06:27:02.622Z] ----------------------------------------------------------------------
[debug] 
[info] i  Firebase optionally collects CLI and Emulator Suite usage and error reporting information to help improve our products. Data is collected in accordance with Google's privacy policy (https://policies.google.com/privacy) and is not used to identify you.
 
[info] i  To change your data collection preference at any time, run `firebase logout` and log in again. 
[info] 
[info] Visit this URL on this device to log in:
[info] https://accounts.google.com/o/oauth2/auth?client_id=563584335869-fgrhgmd47bqnekij5i8b5pr03ho849e6.apps.googleusercontent.com&scope=email%20openid%20https%3A%2F%2Fwww.googleapis.com%2Fauth%2Fcloudplatformprojects.readonly%20https%3A%2F%2Fwww.googleapis.com%2Fauth%2Ffirebase%20https%3A%2F%2Fwww.googleapis.com%2Fauth%2Fcloud-platform&response_type=code&state=652603661&redirect_uri=http%3A%2F%2Flocalhost%3A9005
[info] 
[info] Waiting for authentication...
